<?xml version="1.0" encoding="UTF-8"?>
<!-- Generated by org.testng.reporters.JUnitReportReporter -->
<testsuite hostname="LAPTOP-JUTD6478" failures="0" tests="1" name="basicpgm.Script1" time="22.566" errors="0" timestamp="2025-08-16T13:01:57 IST" skipped="0">
  <testcase classname="basicpgm.Script1" name="testCase" time="22.566"/>
</testsuite> <!-- basicpgm.Script1 -->
