<?xml version="1.0" encoding="UTF-8"?>
<!-- Generated by org.testng.reporters.JUnitReportReporter -->
<testsuite hostname="LAPTOP-JUTD6478" failures="0" tests="1" name="com.orangehrm.runnerscripts.TestRunnerToClear" time="30.817" errors="0" timestamp="2025-08-23T13:15:48 IST" skipped="0">
  <testcase classname="com.orangehrm.runnerscripts.TestRunnerToClear" name="testcase2" time="30.817"/>
</testsuite> <!-- com.orangehrm.runnerscripts.TestRunnerToClear -->
