<?xml version="1.0" encoding="UTF-8"?>
<!-- Generated by org.testng.reporters.JUnitReportReporter -->
<testsuite hostname="LAPTOP-JUTD6478" failures="0" tests="3" name="com.orangehrm.runnerscripts.runnerTest" time="57.690" errors="0" timestamp="2025-08-31T12:53:29 IST" skipped="0">
  <testcase classname="com.orangehrm.runnerscripts.runnerTest" name="testcase" time="14.210"/>
  <testcase classname="com.orangehrm.runnerscripts.runnerTest" name="testcase" time="28.618"/>
  <testcase classname="com.orangehrm.runnerscripts.runnerTest" name="testcase" time="14.862"/>
</testsuite> <!-- com.orangehrm.runnerscripts.runnerTest -->
